Using pre-set license
Built from '2020.3/staging' branch; Version is '2020.3.22f1 (e1a7f79fd887) revision 14788599'; Using compiler version '192528614'; Build Type 'Release'
OS: 'Windows 10 Home; OS build 19042.1348; Version 2009; 64bit' Language: 'en' Physical Memory: 32710 MB
BatchMode: 1, IsHumanControllingUs: 0, StartBugReporterOnCrash: 0, Is64bit: 1, IsPro: 0

COMMAND LINE ARGUMENTS:
D:\Users\benoi\Unity\Versions\2020.3.22f1\Editor\Unity.exe
-adb2
-batchMode
-noUpm
-name
AssetImportWorker0
-projectPath
C:/Users/Owner/Documents/GitHub/350GroupAR/Catch the Ghost
-logFile
Logs/AssetImportWorker0.log
-srvPort
50549
Successfully changed project path to: C:/Users/Owner/Documents/GitHub/350GroupAR/Catch the Ghost
C:/Users/Owner/Documents/GitHub/350GroupAR/Catch the Ghost
Using Asset Import Pipeline V2.
Refreshing native plugins compatible for Editor in 30.27 ms, found 2 plugins.
Preloading 0 native plugins for Editor in 0.00 ms.
Initialize engine version: 2020.3.22f1 (e1a7f79fd887)
[Subsystems] Discovering subsystems at path D:/Users/benoi/Unity/Versions/2020.3.22f1/Editor/Data/Resources/UnitySubsystems
[Subsystems] Discovering subsystems at path C:/Users/Owner/Documents/GitHub/350GroupAR/Catch the Ghost/Assets
GfxDevice: creating device client; threaded=0
Direct3D:
    Version:  Direct3D 11.0 [level 11.1]
    Renderer: NVIDIA GeForce GTX 1050 Ti (ID=0x1c82)
    Vendor:   
    VRAM:     4018 MB
    Driver:   27.21.14.5730
Initialize mono
Mono path[0] = 'D:/Users/benoi/Unity/Versions/2020.3.22f1/Editor/Data/Managed'
Mono path[1] = 'D:/Users/benoi/Unity/Versions/2020.3.22f1/Editor/Data/MonoBleedingEdge/lib/mono/unityjit'
Mono config path = 'D:/Users/benoi/Unity/Versions/2020.3.22f1/Editor/Data/MonoBleedingEdge/etc'
Using monoOptions --debugger-agent=transport=dt_socket,embedding=1,server=y,suspend=n,address=127.0.0.1:56500
Begin MonoManager ReloadAssembly
Registering precompiled unity dll's ...
Register platform support module: D:/Users/benoi/Unity/Versions/2020.3.22f1/Editor/Data/PlaybackEngines/WindowsStandaloneSupport/UnityEditor.WindowsStandalone.Extensions.dll
Registered in 0.001276 seconds.
Native extension for WindowsStandalone target not found
Refreshing native plugins compatible for Editor in 25.94 ms, found 2 plugins.
Preloading 0 native plugins for Editor in 0.00 ms.
Mono: successfully reloaded assembly
- Completed reload, in  1.515 seconds
Domain Reload Profiling:
	ReloadAssembly (1515ms)
		BeginReloadAssembly (41ms)
			ExecutionOrderSort (0ms)
			DisableScriptedObjects (0ms)
			BackupInstance (0ms)
			ReleaseScriptingObjects (0ms)
			CreateAndSetChildDomain (1ms)
		EndReloadAssembly (343ms)
			LoadAssemblies (39ms)
			RebuildTransferFunctionScriptingTraits (0ms)
			SetupTypeCache (116ms)
			ReleaseScriptCaches (0ms)
			RebuildScriptCaches (24ms)
			SetupLoadedEditorAssemblies (123ms)
				LogAssemblyErrors (0ms)
				InitializePlatformSupportModulesInManaged (3ms)
				SetLoadedEditorAssemblies (0ms)
				RefreshPlugins (26ms)
				BeforeProcessingInitializeOnLoad (12ms)
				ProcessInitializeOnLoadAttributes (61ms)
				ProcessInitializeOnLoadMethodAttributes (21ms)
				AfterProcessingInitializeOnLoad (0ms)
				EditorAssembliesLoaded (0ms)
			ExecutionOrderSort2 (0ms)
			AwakeInstancesAfterBackupRestoration (0ms)
Platform modules already initialized, skipping
Registering precompiled user dll's ...
Registered in 0.003789 seconds.
Begin MonoManager ReloadAssembly
Native extension for WindowsStandalone target not found
Refreshing native plugins compatible for Editor in 0.34 ms, found 2 plugins.
Preloading 0 native plugins for Editor in 0.00 ms.
Mono: successfully reloaded assembly
- Completed reload, in  0.836 seconds
Domain Reload Profiling:
	ReloadAssembly (836ms)
		BeginReloadAssembly (109ms)
			ExecutionOrderSort (0ms)
			DisableScriptedObjects (4ms)
			BackupInstance (0ms)
			ReleaseScriptingObjects (0ms)
			CreateAndSetChildDomain (14ms)
		EndReloadAssembly (679ms)
			LoadAssemblies (66ms)
			RebuildTransferFunctionScriptingTraits (0ms)
			SetupTypeCache (245ms)
			ReleaseScriptCaches (0ms)
			RebuildScriptCaches (34ms)
			SetupLoadedEditorAssemblies (252ms)
				LogAssemblyErrors (0ms)
				InitializePlatformSupportModulesInManaged (4ms)
				SetLoadedEditorAssemblies (1ms)
				RefreshPlugins (0ms)
				BeforeProcessingInitializeOnLoad (67ms)
				ProcessInitializeOnLoadAttributes (168ms)
				ProcessInitializeOnLoadMethodAttributes (7ms)
				AfterProcessingInitializeOnLoad (5ms)
				EditorAssembliesLoaded (0ms)
			ExecutionOrderSort2 (0ms)
			AwakeInstancesAfterBackupRestoration (5ms)
Platform modules already initialized, skipping
========================================================================
Worker process is ready to serve import requests
Launched and connected shader compiler UnityShaderCompiler.exe after 0.07 seconds
Refreshing native plugins compatible for Editor in 0.34 ms, found 2 plugins.
Preloading 0 native plugins for Editor in 0.00 ms.
Unloading 1834 Unused Serialized files (Serialized files now loaded: 0)
System memory in use before: 78.6 MB.
System memory in use after: 78.7 MB.

Unloading 21 unused Assets to reduce memory usage. Loaded Objects now: 2265.
Total: 2.750900 ms (FindLiveObjects: 0.155400 ms CreateObjectMapping: 0.059700 ms MarkObjects: 2.479100 ms  DeleteObjects: 0.055900 ms)

AssetImportParameters requested are different than current active one (requested -> active):
  custom:framework-win-MediaFoundation: 216162199b28c13a410421893ffa2e32 -> 
  custom:video-decoder-ogg-theora: a1e56fd34408186e4bbccfd4996cb3dc -> 
  custom:container-muxer-webm: aa71ff27fc2769a1b78a27578f13a17b -> 
  custom:container-demuxer-webm: 4f35f7cbe854078d1ac9338744f61a02 -> 
  custom:container-demuxer-ogg: 62fdf1f143b41e24485cea50d1cbac27 -> 
  custom:video-encoder-webm-vp8: eb34c28f22e8b96e1ab97ce403110664 -> 
  custom:video-decoder-webm-vp8: 9c59270c3fd7afecdb556c50c9e8de78 -> 
  custom:audio-decoder-ogg-vorbis: bf7c407c2cedff20999df2af8eb42d56 -> 
  custom:audio-encoder-webm-vorbis: bf7c407c2cedff20999df2af8eb42d56 -> 
========================================================================
Received Import Request.
  path: Packages/com.unity.xr.arsubsystems
  artifactKey: Guid(12044b9b0e94a8f10795339fe0015729) Importer(815301076,1909f56bfc062723c751e8b465ee728b)
Start importing Packages/com.unity.xr.arsubsystems using Guid(12044b9b0e94a8f10795339fe0015729) Importer(815301076,1909f56bfc062723c751e8b465ee728b)  -> (artifact id: '616054868fcdad27739eaacac5fc2d06') in 0.007108 seconds 
  Import took 0.009256 seconds .

========================================================================
Received Import Request.
  Time since last request: 2540.210543 seconds.
  path: Packages/com.unity.xr.arcore
  artifactKey: Guid(b5535c8cdad0b403484acc25f137f8ed) Importer(815301076,1909f56bfc062723c751e8b465ee728b)
Start importing Packages/com.unity.xr.arcore using Guid(b5535c8cdad0b403484acc25f137f8ed) Importer(815301076,1909f56bfc062723c751e8b465ee728b)  -> (artifact id: '16841cb48bcb033d0561fd23175d4d41') in 0.006979 seconds 
  Import took 0.009992 seconds .

========================================================================
Received Import Request.
  Time since last request: 21.282261 seconds.
  path: Packages/com.unity.xr.arfoundation/Runtime/AR/ARSessionOrigin.cs
  artifactKey: Guid(520bb47c46cf8624fafb307b7d1b862a) Importer(815301076,1909f56bfc062723c751e8b465ee728b)
Start importing Packages/com.unity.xr.arfoundation/Runtime/AR/ARSessionOrigin.cs using Guid(520bb47c46cf8624fafb307b7d1b862a) Importer(815301076,1909f56bfc062723c751e8b465ee728b)  -> (artifact id: '995d5710f61f90f69689392cf529e64c') in 0.036391 seconds 
  Import took 0.038736 seconds .

========================================================================
Received Import Request.
  Time since last request: 1.042487 seconds.
  path: Packages/com.unity.xr.arfoundation/Runtime/AR/ARSessionState.cs
  artifactKey: Guid(031d25925d1dbfa46b1d5f40979c2338) Importer(815301076,1909f56bfc062723c751e8b465ee728b)
Start importing Packages/com.unity.xr.arfoundation/Runtime/AR/ARSessionState.cs using Guid(031d25925d1dbfa46b1d5f40979c2338) Importer(815301076,1909f56bfc062723c751e8b465ee728b)  -> (artifact id: '703bdd5d52bab1ea3094902b02f263a5') in 0.006083 seconds 
  Import took 0.008618 seconds .

========================================================================
Received Import Request.
  Time since last request: 39.089945 seconds.
  path: Packages/com.unity.xr.arfoundation/Runtime/AR/ARCameraBackground.cs
  artifactKey: Guid(816b289ef451e094f9ae174fb4cf8db0) Importer(815301076,1909f56bfc062723c751e8b465ee728b)
Start importing Packages/com.unity.xr.arfoundation/Runtime/AR/ARCameraBackground.cs using Guid(816b289ef451e094f9ae174fb4cf8db0) Importer(815301076,1909f56bfc062723c751e8b465ee728b)  -> (artifact id: 'f76300ae6c188dd9d5c4c0c412c6ba9f') in 0.005815 seconds 
  Import took 0.008275 seconds .

========================================================================
Received Import Request.
  Time since last request: 5.103737 seconds.
  path: Packages/com.unity.xr.arfoundation/Editor/ARCameraBackgroundEditor.cs
  artifactKey: Guid(ee9af0c78ce605749ba0185801851bb3) Importer(815301076,1909f56bfc062723c751e8b465ee728b)
Start importing Packages/com.unity.xr.arfoundation/Editor/ARCameraBackgroundEditor.cs using Guid(ee9af0c78ce605749ba0185801851bb3) Importer(815301076,1909f56bfc062723c751e8b465ee728b)  -> (artifact id: '5e04e6c6640919b1e0079b1456ea7faf') in 0.007085 seconds 
  Import took 0.009413 seconds .

========================================================================
Received Import Request.
  Time since last request: 2.629152 seconds.
  path: Packages/com.unity.xr.arfoundation/Runtime/AR/ARCameraManager.cs
  artifactKey: Guid(4966719baa26e4b0e8231a24d9bd491a) Importer(815301076,1909f56bfc062723c751e8b465ee728b)
Start importing Packages/com.unity.xr.arfoundation/Runtime/AR/ARCameraManager.cs using Guid(4966719baa26e4b0e8231a24d9bd491a) Importer(815301076,1909f56bfc062723c751e8b465ee728b)  -> (artifact id: 'ce7fabd9befd15bbcb20a7e64a84bf2e') in 0.005868 seconds 
  Import took 0.008519 seconds .

========================================================================
Received Import Request.
  Time since last request: 1.405043 seconds.
  path: Packages/com.unity.xr.arfoundation/Runtime/AR/ARCameraFrameEventArgs.cs
  artifactKey: Guid(cc15e1561f1ab0c4dae42edcbec3c7b3) Importer(815301076,1909f56bfc062723c751e8b465ee728b)
Start importing Packages/com.unity.xr.arfoundation/Runtime/AR/ARCameraFrameEventArgs.cs using Guid(cc15e1561f1ab0c4dae42edcbec3c7b3) Importer(815301076,1909f56bfc062723c751e8b465ee728b)  -> (artifact id: 'ffed4c1e22bd86305a6f4a723983ab0e') in 0.004871 seconds 
  Import took 0.007364 seconds .

========================================================================
Received Import Request.
  Time since last request: 257.282115 seconds.
  path: Assets/XR/Loaders
  artifactKey: Guid(f0e56025dbce04d45ae7b1419335d229) Importer(815301076,1909f56bfc062723c751e8b465ee728b)
Start importing Assets/XR/Loaders using Guid(f0e56025dbce04d45ae7b1419335d229) Importer(815301076,1909f56bfc062723c751e8b465ee728b)  -> (artifact id: 'f7d67f2eafed57c1607f07023dc1f644') in 0.007891 seconds 
  Import took 0.010504 seconds .

========================================================================
Received Import Request.
  Time since last request: 1.196548 seconds.
  path: Assets/XR/Loaders/AR Core Loader.asset
  artifactKey: Guid(1c760afefe3ca60468007ae826a152e4) Importer(815301076,1909f56bfc062723c751e8b465ee728b)
Start importing Assets/XR/Loaders/AR Core Loader.asset using Guid(1c760afefe3ca60468007ae826a152e4) Importer(815301076,1909f56bfc062723c751e8b465ee728b)  -> (artifact id: '10fc5094c75aacea696dcd48c8a23097') in 0.019317 seconds 
  Import took 0.021571 seconds .

========================================================================
Received Import Request.
  Time since last request: 2.105717 seconds.
  path: Assets/XR/Settings/AR Core Settings.asset
  artifactKey: Guid(0de5165cf2074a54e9c12a6e79447f48) Importer(815301076,1909f56bfc062723c751e8b465ee728b)
Start importing Assets/XR/Settings/AR Core Settings.asset using Guid(0de5165cf2074a54e9c12a6e79447f48) Importer(815301076,1909f56bfc062723c751e8b465ee728b)  -> (artifact id: '8d368e960109df772ef09aff5602d1c6') in 0.006829 seconds 
  Import took 0.009438 seconds .

========================================================================
Received Import Request.
  Time since last request: 3.012914 seconds.
  path: Assets/Scenes/SampleScene.unity
  artifactKey: Guid(9fc0d4010bbf28b4594072e72b8655ab) Importer(815301076,1909f56bfc062723c751e8b465ee728b)
Start importing Assets/Scenes/SampleScene.unity using Guid(9fc0d4010bbf28b4594072e72b8655ab) Importer(815301076,1909f56bfc062723c751e8b465ee728b)  -> (artifact id: '85059f4f9e1a832ed95adaa0d25c5c4c') in 0.005700 seconds 
  Import took 0.008251 seconds .

========================================================================
Received Import Request.
  Time since last request: 56.931632 seconds.
  path: Packages/com.unity.collab-proxy/Editor/Collaborate/Assets/Icons/added-file-dark.png
  artifactKey: Guid(1a4f52b613391cd449af3ad2e44affeb) Importer(815301076,1909f56bfc062723c751e8b465ee728b)
Start importing Packages/com.unity.collab-proxy/Editor/Collaborate/Assets/Icons/added-file-dark.png using Guid(1a4f52b613391cd449af3ad2e44affeb) Importer(815301076,1909f56bfc062723c751e8b465ee728b)  -> (artifact id: '9572ee1d6db853306d1637de09d9c554') in 0.078289 seconds 
  Import took 0.080915 seconds .

========================================================================
Received Import Request.
  Time since last request: 0.000244 seconds.
  path: Packages/com.unity.collab-proxy/Editor/Collaborate/Assets/Icons/added-file-dark@2x.png
  artifactKey: Guid(c223e0c507e2c6549a2cb97441b62cbe) Importer(815301076,1909f56bfc062723c751e8b465ee728b)
Start importing Packages/com.unity.collab-proxy/Editor/Collaborate/Assets/Icons/added-file-dark@2x.png using Guid(c223e0c507e2c6549a2cb97441b62cbe) Importer(815301076,1909f56bfc062723c751e8b465ee728b)  -> (artifact id: '3767267852a203727e7342269bccdc87') in 0.010826 seconds 
  Import took 0.013088 seconds .

========================================================================
Received Import Request.
  Time since last request: 23.353031 seconds.
  path: Packages/com.unity.xr.arfoundation/Runtime/AR/ARSession.cs
  artifactKey: Guid(3859a92a05d4f5d418cb6ca605290e74) Importer(815301076,1909f56bfc062723c751e8b465ee728b)
Start importing Packages/com.unity.xr.arfoundation/Runtime/AR/ARSession.cs using Guid(3859a92a05d4f5d418cb6ca605290e74) Importer(815301076,1909f56bfc062723c751e8b465ee728b)  -> (artifact id: 'c61989dfc8e8c5cd5ab6da9082e82663') in 0.004662 seconds 
  Import took 0.007037 seconds .

========================================================================
Received Import Request.
  Time since last request: 279.821928 seconds.
  path: Packages/com.unity.xr.arfoundation/Runtime
  artifactKey: Guid(ab67d34cb7e62e246a0f4c98b463ab1a) Importer(815301076,1909f56bfc062723c751e8b465ee728b)
Start importing Packages/com.unity.xr.arfoundation/Runtime using Guid(ab67d34cb7e62e246a0f4c98b463ab1a) Importer(815301076,1909f56bfc062723c751e8b465ee728b)  -> (artifact id: 'f208de2469afca4c5c809a6250d86993') in 0.012159 seconds 
  Import took 0.016065 seconds .

========================================================================
Received Import Request.
  Time since last request: 7.828729 seconds.
  path: Assets/Prefabs
  artifactKey: Guid(6abb0f373f32d924599e94807a00e072) Importer(815301076,1909f56bfc062723c751e8b465ee728b)
Start importing Assets/Prefabs using Guid(6abb0f373f32d924599e94807a00e072) Importer(815301076,1909f56bfc062723c751e8b465ee728b)  -> (artifact id: '585a46b8e3109325aabafc8c796b19d5') in 0.006757 seconds 
  Import took 0.009321 seconds .

========================================================================
Received Import Request.
  Time since last request: 1.811172 seconds.
  path: Assets/Prefabs/AR Default Plane.prefab
  artifactKey: Guid(66eb315d83d03934e99ce1c096137ca7) Importer(815301076,1909f56bfc062723c751e8b465ee728b)
Start importing Assets/Prefabs/AR Default Plane.prefab using Guid(66eb315d83d03934e99ce1c096137ca7) Importer(815301076,1909f56bfc062723c751e8b465ee728b)  -> (artifact id: '9aa5ddf9f7ecac1687f0417778075a52') in 0.053526 seconds 
  Import took 0.055992 seconds .

========================================================================
Received Prepare
Refreshing native plugins compatible for Editor in 2.91 ms, found 2 plugins.
Preloading 0 native plugins for Editor in 0.00 ms.
Unloading 13 Unused Serialized files (Serialized files now loaded: 0)
System memory in use before: 45.5 MB.
System memory in use after: 45.6 MB.

Unloading 13 unused Assets to reduce memory usage. Loaded Objects now: 2275.
Total: 3.614000 ms (FindLiveObjects: 0.153900 ms CreateObjectMapping: 0.052900 ms MarkObjects: 3.380800 ms  DeleteObjects: 0.025400 ms)

AssetImportParameters requested are different than current active one (requested -> active):
  custom:framework-win-MediaFoundation: 216162199b28c13a410421893ffa2e32 -> 
  custom:video-decoder-ogg-theora: a1e56fd34408186e4bbccfd4996cb3dc -> 
  custom:container-muxer-webm: aa71ff27fc2769a1b78a27578f13a17b -> 
  custom:container-demuxer-webm: 4f35f7cbe854078d1ac9338744f61a02 -> 
  custom:container-demuxer-ogg: 62fdf1f143b41e24485cea50d1cbac27 -> 
  custom:video-encoder-webm-vp8: eb34c28f22e8b96e1ab97ce403110664 -> 
  custom:video-decoder-webm-vp8: 9c59270c3fd7afecdb556c50c9e8de78 -> 
  custom:audio-decoder-ogg-vorbis: bf7c407c2cedff20999df2af8eb42d56 -> 
  custom:audio-encoder-webm-vorbis: bf7c407c2cedff20999df2af8eb42d56 -> 
========================================================================
Received Prepare
Refreshing native plugins compatible for Editor in 2.78 ms, found 2 plugins.
Preloading 0 native plugins for Editor in 0.00 ms.
Unloading 13 Unused Serialized files (Serialized files now loaded: 0)
System memory in use before: 45.5 MB.
System memory in use after: 45.6 MB.

Unloading 13 unused Assets to reduce memory usage. Loaded Objects now: 2275.
Total: 2.808600 ms (FindLiveObjects: 0.163600 ms CreateObjectMapping: 0.053900 ms MarkObjects: 2.565100 ms  DeleteObjects: 0.025300 ms)

AssetImportParameters requested are different than current active one (requested -> active):
  custom:framework-win-MediaFoundation: 216162199b28c13a410421893ffa2e32 -> 
  custom:video-decoder-ogg-theora: a1e56fd34408186e4bbccfd4996cb3dc -> 
  custom:container-muxer-webm: aa71ff27fc2769a1b78a27578f13a17b -> 
  custom:container-demuxer-webm: 4f35f7cbe854078d1ac9338744f61a02 -> 
  custom:container-demuxer-ogg: 62fdf1f143b41e24485cea50d1cbac27 -> 
  custom:video-encoder-webm-vp8: eb34c28f22e8b96e1ab97ce403110664 -> 
  custom:video-decoder-webm-vp8: 9c59270c3fd7afecdb556c50c9e8de78 -> 
  custom:audio-decoder-ogg-vorbis: bf7c407c2cedff20999df2af8eb42d56 -> 
  custom:audio-encoder-webm-vorbis: bf7c407c2cedff20999df2af8eb42d56 -> 
AssetImportWorkerClient::OnTransportError - code=2 error=End of file
