Using pre-set license
Built from '2020.3/staging' branch; Version is '2020.3.19f1 (68f137dc9bbe) revision 6877495'; Using compiler version '192528614'; Build Type 'Release'
OS: 'Windows 10 Home; OS build 19042.1237; Version 2009; 64bit' Language: 'en' Physical Memory: 32710 MB
BatchMode: 1, IsHumanControllingUs: 0, StartBugReporterOnCrash: 0, Is64bit: 1, IsPro: 0

COMMAND LINE ARGUMENTS:
C:\Program Files\Unity_Programs\2020.3.19f1\Editor\Unity.exe
-adb2
-batchMode
-noUpm
-name
AssetImportWorker0
-projectPath
C:/Users/Owner/Documents/School/FA'21/GIMM350/GIMM 350 AR
-logFile
Logs/AssetImportWorker0.log
-srvPort
52490
Successfully changed project path to: C:/Users/Owner/Documents/School/FA'21/GIMM350/GIMM 350 AR
C:/Users/Owner/Documents/School/FA'21/GIMM350/GIMM 350 AR
Using Asset Import Pipeline V2.
Refreshing native plugins compatible for Editor in 43.79 ms, found 9 plugins.
Preloading 1 native plugins for Editor in 1.66 ms.
Initialize engine version: 2020.3.19f1 (68f137dc9bbe)
[Subsystems] Discovering subsystems at path C:/Program Files/Unity_Programs/2020.3.19f1/Editor/Data/Resources/UnitySubsystems
[Subsystems] Discovering subsystems at path C:/Users/Owner/Documents/School/FA'21/GIMM350/GIMM 350 AR/Assets
GfxDevice: creating device client; threaded=0
Direct3D:
    Version:  Direct3D 11.0 [level 11.1]
    Renderer: NVIDIA GeForce GTX 1050 Ti (ID=0x1c82)
    Vendor:   
    VRAM:     4018 MB
    Driver:   27.21.14.5730
Initialize mono
Mono path[0] = 'C:/Program Files/Unity_Programs/2020.3.19f1/Editor/Data/Managed'
Mono path[1] = 'C:/Program Files/Unity_Programs/2020.3.19f1/Editor/Data/MonoBleedingEdge/lib/mono/unityjit'
Mono config path = 'C:/Program Files/Unity_Programs/2020.3.19f1/Editor/Data/MonoBleedingEdge/etc'
Using monoOptions --debugger-agent=transport=dt_socket,embedding=1,server=y,suspend=n,address=127.0.0.1:56020
Begin MonoManager ReloadAssembly
Registering precompiled unity dll's ...
Register platform support module: C:/Program Files/Unity_Programs/2020.3.19f1/Editor/Data/PlaybackEngines/WindowsStandaloneSupport/UnityEditor.WindowsStandalone.Extensions.dll
Registered in 0.001607 seconds.
Native extension for WindowsStandalone target not found
Refreshing native plugins compatible for Editor in 34.99 ms, found 9 plugins.
Preloading 1 native plugins for Editor in 0.09 ms.
Mono: successfully reloaded assembly
- Completed reload, in  1.547 seconds
Domain Reload Profiling:
	ReloadAssembly (1547ms)
		BeginReloadAssembly (41ms)
			ExecutionOrderSort (0ms)
			DisableScriptedObjects (0ms)
			BackupInstance (0ms)
			ReleaseScriptingObjects (0ms)
			CreateAndSetChildDomain (1ms)
		EndReloadAssembly (334ms)
			LoadAssemblies (38ms)
			RebuildTransferFunctionScriptingTraits (0ms)
			SetupTypeCache (121ms)
			ReleaseScriptCaches (0ms)
			RebuildScriptCaches (21ms)
			SetupLoadedEditorAssemblies (130ms)
				LogAssemblyErrors (0ms)
				InitializePlatformSupportModulesInManaged (3ms)
				SetLoadedEditorAssemblies (0ms)
				RefreshPlugins (35ms)
				BeforeProcessingInitializeOnLoad (12ms)
				ProcessInitializeOnLoadAttributes (59ms)
				ProcessInitializeOnLoadMethodAttributes (21ms)
				AfterProcessingInitializeOnLoad (0ms)
				EditorAssembliesLoaded (0ms)
			ExecutionOrderSort2 (0ms)
			AwakeInstancesAfterBackupRestoration (0ms)
Platform modules already initialized, skipping
Registering precompiled user dll's ...
Registered in 0.005936 seconds.
Begin MonoManager ReloadAssembly
Native extension for WindowsStandalone target not found
Refreshing native plugins compatible for Editor in 37.07 ms, found 9 plugins.
Preloading 1 native plugins for Editor in 0.12 ms.
CreateSerializedAsset is not supported while importing out-of-process
UnityEngine.StackTraceUtility:ExtractStackTrace ()
UnityEditor.XR.Management.EditorUtilities:CreateScriptableObjectInstance (string,string) (at Library/PackageCache/com.unity.xr.management@4.0.7/Editor/EditorUtilities.cs:102)
UnityEditor.XR.Management.XRPackageInitializationBootstrap:InitializeLoaderFromMetadata (string,System.Collections.Generic.List`1<UnityEditor.XR.Management.Metadata.IXRLoaderMetadata>) (at Library/PackageCache/com.unity.xr.management@4.0.7/Editor/XRPackageInitialization.cs:152)
UnityEditor.XR.Management.XRPackageInitializationBootstrap:InitializePackageFromMetadata (UnityEditor.XR.Management.Metadata.IXRPackage,UnityEditor.XR.Management.Metadata.IXRPackageMetadata) (at Library/PackageCache/com.unity.xr.management@4.0.7/Editor/XRPackageInitialization.cs:129)
UnityEditor.XR.Management.XRPackageInitializationBootstrap:InitPackage (UnityEditor.XR.Management.Metadata.IXRPackage) (at Library/PackageCache/com.unity.xr.management@4.0.7/Editor/XRPackageInitialization.cs:118)
UnityEditor.XR.Management.XRPackageInitializationBootstrap:BeginPackageInitialization () (at Library/PackageCache/com.unity.xr.management@4.0.7/Editor/XRPackageInitialization.cs:87)
UnityEditor.XR.Management.XRPackageInitializationBootstrap:.cctor () (at Library/PackageCache/com.unity.xr.management@4.0.7/Editor/XRPackageInitialization.cs:50)
System.Runtime.CompilerServices.RuntimeHelpers:RunClassConstructor (System.RuntimeTypeHandle)
UnityEditor.EditorAssemblies:ProcessInitializeOnLoadAttributes (System.Type[])

[Library/PackageCache/com.unity.xr.management@4.0.7/Editor/EditorUtilities.cs line 102]

UnityEngine.UnityException: Creating asset at path Assets\XR\Loaders\Magic Leap Loader.asset failed.
  at (wrapper managed-to-native) UnityEditor.AssetDatabase.CreateAsset(UnityEngine.Object,string)
  at UnityEditor.XR.Management.EditorUtilities.CreateScriptableObjectInstance (System.String typeName, System.String path) [0x00031] in C:\Users\Owner\Documents\School\FA'21\GIMM350\GIMM 350 AR\Library\PackageCache\com.unity.xr.management@4.0.7\Editor\EditorUtilities.cs:102 
  at UnityEditor.XR.Management.XRPackageInitializationBootstrap.InitializeLoaderFromMetadata (System.String packageName, System.Collections.Generic.List`1[T] loaderMetadatas) [0x0004e] in C:\Users\Owner\Documents\School\FA'21\GIMM350\GIMM 350 AR\Library\PackageCache\com.unity.xr.management@4.0.7\Editor\XRPackageInitialization.cs:152 
  at UnityEditor.XR.Management.XRPackageInitializationBootstrap.InitializePackageFromMetadata (UnityEditor.XR.Management.Metadata.IXRPackage package, UnityEditor.XR.Management.Metadata.IXRPackageMetadata packageMetadata) [0x00001] in C:\Users\Owner\Documents\School\FA'21\GIMM350\GIMM 350 AR\Library\PackageCache\com.unity.xr.management@4.0.7\Editor\XRPackageInitialization.cs:129 
  at UnityEditor.XR.Management.XRPackageInitializationBootstrap.InitPackage (UnityEditor.XR.Management.Metadata.IXRPackage package) [0x00030] in C:\Users\Owner\Documents\School\FA'21\GIMM350\GIMM 350 AR\Library\PackageCache\com.unity.xr.management@4.0.7\Editor\XRPackageInitialization.cs:118 
  at UnityEditor.XR.Management.XRPackageInitializationBootstrap.BeginPackageInitialization () [0x0008f] in C:\Users\Owner\Documents\School\FA'21\GIMM350\GIMM 350 AR\Library\PackageCache\com.unity.xr.management@4.0.7\Editor\XRPackageInitialization.cs:87 
  at UnityEditor.XR.Management.XRPackageInitializationBootstrap..cctor () [0x00030] in C:\Users\Owner\Documents\School\FA'21\GIMM350\GIMM 350 AR\Library\PackageCache\com.unity.xr.management@4.0.7\Editor\XRPackageInitialization.cs:50 
UnityEngine.StackTraceUtility:ExtractStackTrace ()
UnityEngine.DebugLogHandler:LogFormat (UnityEngine.LogType,UnityEngine.Object,string,object[])
UnityEngine.Logger:Log (UnityEngine.LogType,object)
UnityEngine.Debug:LogError (object)
UnityEditor.EditorAssemblies:ProcessInitializeOnLoadAttributes (System.Type[])

Mono: successfully reloaded assembly
- Completed reload, in  0.962 seconds
Domain Reload Profiling:
	ReloadAssembly (962ms)
		BeginReloadAssembly (122ms)
			ExecutionOrderSort (0ms)
			DisableScriptedObjects (4ms)
			BackupInstance (0ms)
			ReleaseScriptingObjects (0ms)
			CreateAndSetChildDomain (16ms)
		EndReloadAssembly (784ms)
			LoadAssemblies (76ms)
			RebuildTransferFunctionScriptingTraits (0ms)
			SetupTypeCache (237ms)
			ReleaseScriptCaches (0ms)
			RebuildScriptCaches (40ms)
			SetupLoadedEditorAssemblies (314ms)
				LogAssemblyErrors (0ms)
				InitializePlatformSupportModulesInManaged (3ms)
				SetLoadedEditorAssemblies (0ms)
				RefreshPlugins (37ms)
				BeforeProcessingInitializeOnLoad (83ms)
				ProcessInitializeOnLoadAttributes (181ms)
				ProcessInitializeOnLoadMethodAttributes (4ms)
				AfterProcessingInitializeOnLoad (6ms)
				EditorAssembliesLoaded (0ms)
			ExecutionOrderSort2 (0ms)
			AwakeInstancesAfterBackupRestoration (5ms)
Platform modules already initialized, skipping
========================================================================
Worker process is ready to serve import requests
Launched and connected shader compiler UnityShaderCompiler.exe after 0.11 seconds
Refreshing native plugins compatible for Editor in 0.51 ms, found 9 plugins.
Preloading 1 native plugins for Editor in 0.08 ms.
Unloading 2151 Unused Serialized files (Serialized files now loaded: 0)
System memory in use before: 88.0 MB.
System memory in use after: 88.0 MB.

Unloading 19 unused Assets to reduce memory usage. Loaded Objects now: 2585.
Total: 3.321100 ms (FindLiveObjects: 0.191900 ms CreateObjectMapping: 0.087200 ms MarkObjects: 2.966100 ms  DeleteObjects: 0.074500 ms)

AssetImportParameters requested are different than current active one (requested -> active):
  custom:framework-win-MediaFoundation: 216162199b28c13a410421893ffa2e32 -> 
  custom:video-decoder-ogg-theora: a1e56fd34408186e4bbccfd4996cb3dc -> 
  custom:container-muxer-webm: aa71ff27fc2769a1b78a27578f13a17b -> 
  custom:container-demuxer-webm: 4f35f7cbe854078d1ac9338744f61a02 -> 
  custom:container-demuxer-ogg: 62fdf1f143b41e24485cea50d1cbac27 -> 
  custom:video-encoder-webm-vp8: eb34c28f22e8b96e1ab97ce403110664 -> 
  custom:video-decoder-webm-vp8: 9c59270c3fd7afecdb556c50c9e8de78 -> 
  custom:audio-decoder-ogg-vorbis: bf7c407c2cedff20999df2af8eb42d56 -> 
  custom:audio-encoder-webm-vorbis: bf7c407c2cedff20999df2af8eb42d56 -> 
========================================================================
Received Import Request.
  path: Assets/ExampleAssets
  artifactKey: Guid(5040ff35809714c9f899bd2e7ae0f30a) Importer(815301076,1909f56bfc062723c751e8b465ee728b)
Start importing Assets/ExampleAssets using Guid(5040ff35809714c9f899bd2e7ae0f30a) Importer(815301076,1909f56bfc062723c751e8b465ee728b)  -> (artifact id: '2d6fab972caa12ade4a9c01b61530b08') in 0.008815 seconds 
  Import took 0.011894 seconds .

AssetImportWorkerClient::OnTransportError - code=2 error=End of file
